\BOOKMARK [1][-]{section.6.1}{Introdu\347\343o}{}% 1
\BOOKMARK [2][-]{subsection.6.1.1}{Um pouco sobre Go}{section.6.1}% 2
\BOOKMARK [2][-]{subsection.6.1.2}{Go atualmente}{section.6.1}% 3
\BOOKMARK [1][-]{section.6.2}{Instalando e configurando o Go}{}% 4
\BOOKMARK [2][-]{subsection.6.2.1}{Linux}{section.6.2}% 5
\BOOKMARK [2][-]{subsection.6.2.2}{Windows}{section.6.2}% 6
\BOOKMARK [1][-]{section.6.3}{Estrutura b\341sica e sintaxe}{}% 7
\BOOKMARK [2][-]{subsection.6.3.1}{Hello World}{section.6.3}% 8
\BOOKMARK [2][-]{subsection.6.3.2}{Vari\341veis}{section.6.3}% 9
\BOOKMARK [3][-]{subsubsection.6.3.2.1}{Entrada e sa\355da com fmt}{subsection.6.3.2}% 10
\BOOKMARK [2][-]{subsection.6.3.3}{Estrutura de sele\347\343o if/else}{section.6.3}% 11
\BOOKMARK [2][-]{subsection.6.3.4}{Switch case}{section.6.3}% 12
\BOOKMARK [1][-]{section.6.4}{Cole\347\365es de dados}{}% 13
\BOOKMARK [2][-]{subsection.6.4.1}{Arrays}{section.6.4}% 14
\BOOKMARK [2][-]{subsection.6.4.2}{Slices}{section.6.4}% 15
\BOOKMARK [2][-]{subsection.6.4.3}{Maps}{section.6.4}% 16
\BOOKMARK [2][-]{subsection.6.4.4}{Loops}{section.6.4}% 17
\BOOKMARK [1][-]{section.6.5}{Fun\347\365es}{}% 18
\BOOKMARK [2][-]{subsection.6.5.1}{Fun\347\365es b\341sicas}{section.6.5}% 19
\BOOKMARK [2][-]{subsection.6.5.2}{Retorno definido}{section.6.5}% 20
\BOOKMARK [2][-]{subsection.6.5.3}{Fun\347\365es de argumentos vari\341veis}{section.6.5}% 21
\BOOKMARK [2][-]{subsection.6.5.4}{Fun\347\365es an\364nimas}{section.6.5}% 22
\BOOKMARK [2][-]{subsection.6.5.5}{Defer}{section.6.5}% 23
\BOOKMARK [1][-]{section.6.6}{Tipos de dados}{}% 24
\BOOKMARK [2][-]{subsection.6.6.1}{Criando novos tipos}{section.6.6}% 25
\BOOKMARK [2][-]{subsection.6.6.2}{Structs}{section.6.6}% 26
\BOOKMARK [3][-]{subsubsection.6.6.2.1}{Manipula\347\343o de tipos de dados}{subsection.6.6.2}% 27
\BOOKMARK [3][-]{subsubsection.6.6.2.2}{Interfaces}{subsection.6.6.2}% 28
\BOOKMARK [1][-]{section.6.7}{Tratamento de erros}{}% 29
\BOOKMARK [1][-]{section.6.8}{Concorr\352ncia}{}% 30
\BOOKMARK [2][-]{subsection.6.8.1}{Goroutines}{section.6.8}% 31
\BOOKMARK [2][-]{subsection.6.8.2}{Waitgroups}{section.6.8}% 32
\BOOKMARK [2][-]{subsection.6.8.3}{Channels}{section.6.8}% 33
\BOOKMARK [1][-]{section.6.9}{Pacotes Go}{}% 34
\BOOKMARK [2][-]{subsection.6.9.1}{Criando um pacote Go}{section.6.9}% 35
\BOOKMARK [2][-]{subsection.6.9.2}{Pacotes externos}{section.6.9}% 36
